# JRE version: OpenJDK Runtime Environment (8.0_152-b01) (build 1.8.0_152-release-915-b01)
# Java VM: OpenJDK 64-Bit Server VM (25.152-b01 mixed mode windows-amd64 compressed oops)
Heap:
 PSYoungGen      total 411136K, used 188917K [0x00000000e0000000, 0x00000000faa00000, 0x0000000100000000)
  eden space 387072K, 45% used [0x00000000e0000000,0x00000000ead7f0f8,0x00000000f7a00000)
  from space 24064K, 46% used [0x00000000f9080000,0x00000000f9b7e6c0,0x00000000fa800000)
  to   space 23040K, 0% used [0x00000000f7a00000,0x00000000f7a00000,0x00000000f9080000)
 ParOldGen       total 223744K, used 68003K [0x00000000a0000000, 0x00000000ada80000, 0x00000000e0000000)
  object space 223744K, 30% used [0x00000000a0000000,0x00000000a4268e78,0x00000000ada80000)
 Metaspace       used 98143K, capacity 107180K, committed 107368K, reserved 1142784K
  class space    used 12372K, capacity 14429K, committed 14480K, reserved 1048576K
GC Heap History (10 events):
Event: 7097.947 GC heap before
{Heap before GC invocations=55 (full 5):
 PSYoungGen      total 289280K, used 22867K [0x00000000e0000000, 0x00000000f4600000, 0x0000000100000000)
  eden space 265216K, 1% used [0x00000000e0000000,0x00000000e03bd0a0,0x00000000f0300000)
  from space 24064K, 79% used [0x00000000f0300000,0x00000000f1597e18,0x00000000f1a80000)
  to   space 25600K, 0% used [0x00000000f2d00000,0x00000000f2d00000,0x00000000f4600000)
 ParOldGen       total 223744K, used 66380K [0x00000000a0000000, 0x00000000ada80000, 0x00000000e0000000)
  object space 223744K, 29% used [0x00000000a0000000,0x00000000a40d31a8,0x00000000ada80000)
 Metaspace       used 97693K, capacity 106538K, committed 106728K, reserved 1142784K
  class space    used 12328K, capacity 14328K, committed 14352K, reserved 1048576K
Event: 7097.981 GC heap after
Heap after GC invocations=55 (full 5):
 PSYoungGen      total 307200K, used 18959K [0x00000000e0000000, 0x00000000f6800000, 0x0000000100000000)
  eden space 281600K, 0% used [0x00000000e0000000,0x00000000e0000000,0x00000000f1300000)
  from space 25600K, 74% used [0x00000000f2d00000,0x00000000f3f83e28,0x00000000f4600000)
  to   space 26624K, 0% used [0x00000000f1300000,0x00000000f1300000,0x00000000f2d00000)
 ParOldGen       total 223744K, used 66380K [0x00000000a0000000, 0x00000000ada80000, 0x00000000e0000000)
  object space 223744K, 29% used [0x00000000a0000000,0x00000000a40d31a8,0x00000000ada80000)
 Metaspace       used 97693K, capacity 106538K, committed 106728K, reserved 1142784K
  class space    used 12328K, capacity 14328K, committed 14352K, reserved 1048576K
}
Event: 7102.083 GC heap before
{Heap before GC invocations=56 (full 5):
 PSYoungGen      total 307200K, used 300201K [0x00000000e0000000, 0x00000000f6800000, 0x0000000100000000)
  eden space 281600K, 99% used [0x00000000e0000000,0x00000000f12a6930,0x00000000f1300000)
  from space 25600K, 74% used [0x00000000f2d00000,0x00000000f3f83e28,0x00000000f4600000)
  to   space 26624K, 0% used [0x00000000f1300000,0x00000000f1300000,0x00000000f2d00000)
 ParOldGen       total 223744K, used 66380K [0x00000000a0000000, 0x00000000ada80000, 0x00000000e0000000)
  object space 223744K, 29% used [0x00000000a0000000,0x00000000a40d31a8,0x00000000ada80000)
 Metaspace       used 97855K, capacity 106754K, committed 106984K, reserved 1142784K
  class space    used 12332K, capacity 14334K, committed 14352K, reserved 1048576K
Event: 7102.111 GC heap after
Heap after GC invocations=56 (full 5):
 PSYoungGen      total 308224K, used 12246K [0x00000000e0000000, 0x00000000f7780000, 0x0000000100000000)
  eden space 281600K, 0% used [0x00000000e0000000,0x00000000e0000000,0x00000000f1300000)
  from space 26624K, 45% used [0x00000000f1300000,0x00000000f1ef5be0,0x00000000f2d00000)
  to   space 25600K, 0% used [0x00000000f5e80000,0x00000000f5e80000,0x00000000f7780000)
 ParOldGen       total 223744K, used 66388K [0x00000000a0000000, 0x00000000ada80000, 0x00000000e0000000)
  object space 223744K, 29% used [0x00000000a0000000,0x00000000a40d51a8,0x00000000ada80000)
 Metaspace       used 97855K, capacity 106754K, committed 106984K, reserved 1142784K
  class space    used 12332K, capacity 14334K, committed 14352K, reserved 1048576K
}
Event: 7159.666 GC heap before
{Heap before GC invocations=57 (full 5):
 PSYoungGen      total 308224K, used 293846K [0x00000000e0000000, 0x00000000f7780000, 0x0000000100000000)
  eden space 281600K, 100% used [0x00000000e0000000,0x00000000f1300000,0x00000000f1300000)
  from space 26624K, 45% used [0x00000000f1300000,0x00000000f1ef5be0,0x00000000f2d00000)
  to   space 25600K, 0% used [0x00000000f5e80000,0x00000000f5e80000,0x00000000f7780000)
 ParOldGen       total 223744K, used 66388K [0x00000000a0000000, 0x00000000ada80000, 0x00000000e0000000)
  object space 223744K, 29% used [0x00000000a0000000,0x00000000a40d51a8,0x00000000ada80000)
 Metaspace       used 98011K, capacity 106978K, committed 107112K, reserved 1142784K
  class space    used 12358K, capacity 14382K, committed 14480K, reserved 1048576K
Event: 7159.690 GC heap after
Heap after GC invocations=57 (full 5):
 PSYoungGen      total 352768K, used 10797K [0x00000000e0000000, 0x00000000f7380000, 0x0000000100000000)
  eden space 331264K, 0% used [0x00000000e0000000,0x00000000e0000000,0x00000000f4380000)
  from space 21504K, 50% used [0x00000000f5e80000,0x00000000f690b710,0x00000000f7380000)
  to   space 24576K, 0% used [0x00000000f4380000,0x00000000f4380000,0x00000000f5b80000)
 ParOldGen       total 223744K, used 66396K [0x00000000a0000000, 0x00000000ada80000, 0x00000000e0000000)
  object space 223744K, 29% used [0x00000000a0000000,0x00000000a40d71a8,0x00000000ada80000)
 Metaspace       used 98011K, capacity 106978K, committed 107112K, reserved 1142784K
  class space    used 12358K, capacity 14382K, committed 14480K, reserved 1048576K
}
Event: 7191.972 GC heap before
{Heap before GC invocations=58 (full 5):
 PSYoungGen      total 352768K, used 341466K [0x00000000e0000000, 0x00000000f7380000, 0x0000000100000000)
  eden space 331264K, 99% used [0x00000000e0000000,0x00000000f42eb4b0,0x00000000f4380000)
  from space 21504K, 50% used [0x00000000f5e80000,0x00000000f690b710,0x00000000f7380000)
  to   space 24576K, 0% used [0x00000000f4380000,0x00000000f4380000,0x00000000f5b80000)
 ParOldGen       total 223744K, used 66396K [0x00000000a0000000, 0x00000000ada80000, 0x00000000e0000000)
  object space 223744K, 29% used [0x00000000a0000000,0x00000000a40d71a8,0x00000000ada80000)
 Metaspace       used 98118K, capacity 107112K, committed 107368K, reserved 1142784K
  class space    used 12368K, capacity 14393K, committed 14480K, reserved 1048576K
Event: 7191.996 GC heap after
Heap after GC invocations=58 (full 5):
 PSYoungGen      total 355840K, used 14373K [0x00000000e0000000, 0x00000000fa800000, 0x0000000100000000)
  eden space 331264K, 0% used [0x00000000e0000000,0x00000000e0000000,0x00000000f4380000)
  from space 24576K, 58% used [0x00000000f4380000,0x00000000f5189500,0x00000000f5b80000)
  to   space 24064K, 0% used [0x00000000f9080000,0x00000000f9080000,0x00000000fa800000)
 ParOldGen       total 223744K, used 67003K [0x00000000a0000000, 0x00000000ada80000, 0x00000000e0000000)
  object space 223744K, 29% used [0x00000000a0000000,0x00000000a416ee08,0x00000000ada80000)
 Metaspace       used 98118K, capacity 107112K, committed 107368K, reserved 1142784K
  class space    used 12368K, capacity 14393K, committed 14480K, reserved 1048576K
}
Event: 7192.075 GC heap before
{Heap before GC invocations=59 (full 5):
 PSYoungGen      total 355840K, used 345430K [0x00000000e0000000, 0x00000000fa800000, 0x0000000100000000)
  eden space 331264K, 99% used [0x00000000e0000000,0x00000000f434c680,0x00000000f4380000)
  from space 24576K, 58% used [0x00000000f4380000,0x00000000f5189500,0x00000000f5b80000)
  to   space 24064K, 0% used [0x00000000f9080000,0x00000000f9080000,0x00000000fa800000)
 ParOldGen       total 223744K, used 67003K [0x00000000a0000000, 0x00000000ada80000, 0x00000000e0000000)
  object space 223744K, 29% used [0x00000000a0000000,0x00000000a416ee08,0x00000000ada80000)
 Metaspace       used 98118K, capacity 107112K, committed 107368K, reserved 1142784K
  class space    used 12368K, capacity 14393K, committed 14480K, reserved 1048576K
Event: 7192.111 GC heap after
Heap after GC invocations=59 (full 5):
 PSYoungGen      total 411136K, used 11257K [0x00000000e0000000, 0x00000000faa00000, 0x0000000100000000)
  eden space 387072K, 0% used [0x00000000e0000000,0x00000000e0000000,0x00000000f7a00000)
  from space 24064K, 46% used [0x00000000f9080000,0x00000000f9b7e6c0,0x00000000fa800000)
  to   space 23040K, 0% used [0x00000000f7a00000,0x00000000f7a00000,0x00000000f9080000)
 ParOldGen       total 223744K, used 68003K [0x00000000a0000000, 0x00000000ada80000, 0x00000000e0000000)
  object space 223744K, 30% used [0x00000000a0000000,0x00000000a4268e78,0x00000000ada80000)
 Metaspace       used 98118K, capacity 107112K, committed 107368K, reserved 1142784K
  class space    used 12368K, capacity 14393K, committed 14480K, reserved 1048576K
}

