# JRE version: OpenJDK Runtime Environment (8.0_152-b02) (build 1.8.0_152-release-1024-b02)
# Java VM: OpenJDK 64-Bit Server VM (25.152-b02 mixed mode windows-amd64 compressed oops)
Heap:
 PSYoungGen      total 454144K, used 171170K [0x00000000e0000000, 0x0000000100000000, 0x0000000100000000)
  eden space 396800K, 28% used [0x00000000e0000000,0x00000000e6f5b430,0x00000000f8380000)
  from space 57344K, 99% used [0x00000000f8380000,0x00000000fbb4d588,0x00000000fbb80000)
  to   space 70144K, 0% used [0x00000000fbb80000,0x00000000fbb80000,0x0000000100000000)
 ParOldGen       total 233472K, used 150937K [0x00000000a0000000, 0x00000000ae400000, 0x00000000e0000000)
  object space 233472K, 64% used [0x00000000a0000000,0x00000000a9366710,0x00000000ae400000)
 Metaspace       used 140709K, capacity 150177K, committed 150220K, reserved 1179648K
  class space    used 17618K, capacity 19447K, committed 19456K, reserved 1048576K
GC Heap History (10 events):
Event: 2754.817 GC heap before
{Heap before GC invocations=48 (full 5):
 PSYoungGen      total 459776K, used 404125K [0x00000000e0000000, 0x0000000100000000, 0x0000000100000000)
  eden space 396288K, 100% used [0x00000000e0000000,0x00000000f8300000,0x00000000f8300000)
  from space 63488K, 12% used [0x00000000fc200000,0x00000000fc9a74c0,0x0000000100000000)
  to   space 64000K, 0% used [0x00000000f8300000,0x00000000f8300000,0x00000000fc180000)
 ParOldGen       total 233472K, used 86388K [0x00000000a0000000, 0x00000000ae400000, 0x00000000e0000000)
  object space 233472K, 37% used [0x00000000a0000000,0x00000000a545d310,0x00000000ae400000)
 Metaspace       used 132022K, capacity 141037K, committed 141260K, reserved 1171456K
  class space    used 16555K, capacity 18309K, committed 18432K, reserved 1048576K
Event: 2754.835 GC heap after
Heap after GC invocations=48 (full 5):
 PSYoungGen      total 460288K, used 10253K [0x00000000e0000000, 0x00000000fff80000, 0x0000000100000000)
  eden space 396288K, 0% used [0x00000000e0000000,0x00000000e0000000,0x00000000f8300000)
  from space 64000K, 16% used [0x00000000f8300000,0x00000000f8d03538,0x00000000fc180000)
  to   space 63488K, 0% used [0x00000000fc180000,0x00000000fc180000,0x00000000fff80000)
 ParOldGen       total 233472K, used 86396K [0x00000000a0000000, 0x00000000ae400000, 0x00000000e0000000)
  object space 233472K, 37% used [0x00000000a0000000,0x00000000a545f310,0x00000000ae400000)
 Metaspace       used 132022K, capacity 141037K, committed 141260K, reserved 1171456K
  class space    used 16555K, capacity 18309K, committed 18432K, reserved 1048576K
}
Event: 2766.552 GC heap before
{Heap before GC invocations=49 (full 5):
 PSYoungGen      total 460288K, used 406541K [0x00000000e0000000, 0x00000000fff80000, 0x0000000100000000)
  eden space 396288K, 100% used [0x00000000e0000000,0x00000000f8300000,0x00000000f8300000)
  from space 64000K, 16% used [0x00000000f8300000,0x00000000f8d03538,0x00000000fc180000)
  to   space 63488K, 0% used [0x00000000fc180000,0x00000000fc180000,0x00000000fff80000)
 ParOldGen       total 233472K, used 86400K [0x00000000a0000000, 0x00000000ae400000, 0x00000000e0000000)
  object space 233472K, 37% used [0x00000000a0000000,0x00000000a5460320,0x00000000ae400000)
 Metaspace       used 136520K, capacity 145555K, committed 145868K, reserved 1177600K
  class space    used 16892K, capacity 18662K, committed 18688K, reserved 1048576K
Event: 2766.602 GC heap after
Heap after GC invocations=49 (full 5):
 PSYoungGen      total 455168K, used 29416K [0x00000000e0000000, 0x00000000ffa80000, 0x0000000100000000)
  eden space 396800K, 0% used [0x00000000e0000000,0x00000000e0000000,0x00000000f8380000)
  from space 58368K, 50% used [0x00000000fc180000,0x00000000fde3a288,0x00000000ffa80000)
  to   space 60928K, 0% used [0x00000000f8380000,0x00000000f8380000,0x00000000fbf00000)
 ParOldGen       total 233472K, used 86408K [0x00000000a0000000, 0x00000000ae400000, 0x00000000e0000000)
  object space 233472K, 37% used [0x00000000a0000000,0x00000000a5462320,0x00000000ae400000)
 Metaspace       used 136520K, capacity 145555K, committed 145868K, reserved 1177600K
  class space    used 16892K, capacity 18662K, committed 18688K, reserved 1048576K
}
Event: 2774.456 GC heap before
{Heap before GC invocations=50 (full 5):
 PSYoungGen      total 455168K, used 425724K [0x00000000e0000000, 0x00000000ffa80000, 0x0000000100000000)
  eden space 396800K, 99% used [0x00000000e0000000,0x00000000f8304d90,0x00000000f8380000)
  from space 58368K, 50% used [0x00000000fc180000,0x00000000fde3a288,0x00000000ffa80000)
  to   space 60928K, 0% used [0x00000000f8380000,0x00000000f8380000,0x00000000fbf00000)
 ParOldGen       total 233472K, used 150921K [0x00000000a0000000, 0x00000000ae400000, 0x00000000e0000000)
  object space 233472K, 64% used [0x00000000a0000000,0x00000000a9362710,0x00000000ae400000)
 Metaspace       used 137424K, capacity 146745K, committed 146892K, reserved 1177600K
  class space    used 17030K, capacity 18833K, committed 18944K, reserved 1048576K
Event: 2774.513 GC heap after
Heap after GC invocations=50 (full 5):
 PSYoungGen      total 457728K, used 44371K [0x00000000e0000000, 0x0000000100000000, 0x0000000100000000)
  eden space 396800K, 0% used [0x00000000e0000000,0x00000000e0000000,0x00000000f8380000)
  from space 60928K, 72% used [0x00000000f8380000,0x00000000faed4e98,0x00000000fbf00000)
  to   space 64000K, 0% used [0x00000000fc180000,0x00000000fc180000,0x0000000100000000)
 ParOldGen       total 233472K, used 150929K [0x00000000a0000000, 0x00000000ae400000, 0x00000000e0000000)
  object space 233472K, 64% used [0x00000000a0000000,0x00000000a9364710,0x00000000ae400000)
 Metaspace       used 137424K, capacity 146745K, committed 146892K, reserved 1177600K
  class space    used 17030K, capacity 18833K, committed 18944K, reserved 1048576K
}
Event: 2774.587 GC heap before
{Heap before GC invocations=51 (full 5):
 PSYoungGen      total 457728K, used 440150K [0x00000000e0000000, 0x0000000100000000, 0x0000000100000000)
  eden space 396800K, 99% used [0x00000000e0000000,0x00000000f8280b30,0x00000000f8380000)
  from space 60928K, 72% used [0x00000000f8380000,0x00000000faed4e98,0x00000000fbf00000)
  to   space 64000K, 0% used [0x00000000fc180000,0x00000000fc180000,0x0000000100000000)
 ParOldGen       total 233472K, used 150929K [0x00000000a0000000, 0x00000000ae400000, 0x00000000e0000000)
  object space 233472K, 64% used [0x00000000a0000000,0x00000000a9364710,0x00000000ae400000)
 Metaspace       used 137434K, capacity 146745K, committed 146892K, reserved 1177600K
  class space    used 17030K, capacity 18833K, committed 18944K, reserved 1048576K
Event: 2774.630 GC heap after
Heap after GC invocations=51 (full 5):
 PSYoungGen      total 460800K, used 36885K [0x00000000e0000000, 0x0000000100000000, 0x0000000100000000)
  eden space 396800K, 0% used [0x00000000e0000000,0x00000000e0000000,0x00000000f8380000)
  from space 64000K, 57% used [0x00000000fc180000,0x00000000fe585530,0x0000000100000000)
  to   space 63488K, 0% used [0x00000000f8380000,0x00000000f8380000,0x00000000fc180000)
 ParOldGen       total 233472K, used 150929K [0x00000000a0000000, 0x00000000ae400000, 0x00000000e0000000)
  object space 233472K, 64% used [0x00000000a0000000,0x00000000a9364710,0x00000000ae400000)
 Metaspace       used 137434K, capacity 146745K, committed 146892K, reserved 1177600K
  class space    used 17030K, capacity 18833K, committed 18944K, reserved 1048576K
}
Event: 2778.856 GC heap before
{Heap before GC invocations=52 (full 5):
 PSYoungGen      total 460800K, used 433685K [0x00000000e0000000, 0x0000000100000000, 0x0000000100000000)
  eden space 396800K, 100% used [0x00000000e0000000,0x00000000f8380000,0x00000000f8380000)
  from space 64000K, 57% used [0x00000000fc180000,0x00000000fe585530,0x0000000100000000)
  to   space 63488K, 0% used [0x00000000f8380000,0x00000000f8380000,0x00000000fc180000)
 ParOldGen       total 233472K, used 150929K [0x00000000a0000000, 0x00000000ae400000, 0x00000000e0000000)
  object space 233472K, 64% used [0x00000000a0000000,0x00000000a9364710,0x00000000ae400000)
 Metaspace       used 140405K, capacity 149857K, committed 149964K, reserved 1179648K
  class space    used 17568K, capacity 19383K, committed 19456K, reserved 1048576K
Event: 2778.932 GC heap after
Heap after GC invocations=52 (full 5):
 PSYoungGen      total 454144K, used 57141K [0x00000000e0000000, 0x0000000100000000, 0x0000000100000000)
  eden space 396800K, 0% used [0x00000000e0000000,0x00000000e0000000,0x00000000f8380000)
  from space 57344K, 99% used [0x00000000f8380000,0x00000000fbb4d588,0x00000000fbb80000)
  to   space 70144K, 0% used [0x00000000fbb80000,0x00000000fbb80000,0x0000000100000000)
 ParOldGen       total 233472K, used 150937K [0x00000000a0000000, 0x00000000ae400000, 0x00000000e0000000)
  object space 233472K, 64% used [0x00000000a0000000,0x00000000a9366710,0x00000000ae400000)
 Metaspace       used 140405K, capacity 149857K, committed 149964K, reserved 1179648K
  class space    used 17568K, capacity 19383K, committed 19456K, reserved 1048576K
}

