# JRE version: OpenJDK Runtime Environment (8.0_152-b01) (build 1.8.0_152-release-915-b01)
# Java VM: OpenJDK 64-Bit Server VM (25.152-b01 mixed mode windows-amd64 compressed oops)
Heap:
 PSYoungGen      total 14336K, used 5414K [0x00000000feb00000, 0x0000000100000000, 0x0000000100000000)
  eden space 7168K, 66% used [0x00000000feb00000,0x00000000fefa19b8,0x00000000ff200000)
  from space 7168K, 9% used [0x00000000ff200000,0x00000000ff2a8000,0x00000000ff900000)
  to   space 7168K, 0% used [0x00000000ff900000,0x00000000ff900000,0x0000000100000000)
 ParOldGen       total 44032K, used 9053K [0x00000000fc000000, 0x00000000feb00000, 0x00000000feb00000)
  object space 44032K, 20% used [0x00000000fc000000,0x00000000fc8d7790,0x00000000feb00000)
 Metaspace       used 8094K, capacity 8268K, committed 8448K, reserved 1056768K
  class space    used 911K, capacity 991K, committed 1024K, reserved 1048576K
GC Heap History (10 events):
Event: 4.558 GC heap before
{Heap before GC invocations=3 (full 0):
 PSYoungGen      total 18944K, used 18930K [0x00000000feb00000, 0x0000000100000000, 0x0000000100000000)
  eden space 16384K, 100% used [0x00000000feb00000,0x00000000ffb00000,0x00000000ffb00000)
  from space 2560K, 99% used [0x00000000ffd80000,0x00000000ffffcac8,0x0000000100000000)
  to   space 2560K, 0% used [0x00000000ffb00000,0x00000000ffb00000,0x00000000ffd80000)
 ParOldGen       total 44032K, used 6038K [0x00000000fc000000, 0x00000000feb00000, 0x00000000feb00000)
  object space 44032K, 13% used [0x00000000fc000000,0x00000000fc5e5ad0,0x00000000feb00000)
 Metaspace       used 7933K, capacity 8130K, committed 8192K, reserved 1056768K
  class space    used 909K, capacity 989K, committed 1024K, reserved 1048576K
Event: 4.646 GC heap after
Heap after GC invocations=3 (full 0):
 PSYoungGen      total 18944K, used 2546K [0x00000000feb00000, 0x0000000100000000, 0x0000000100000000)
  eden space 16384K, 0% used [0x00000000feb00000,0x00000000feb00000,0x00000000ffb00000)
  from space 2560K, 99% used [0x00000000ffb00000,0x00000000ffd7cae8,0x00000000ffd80000)
  to   space 2560K, 0% used [0x00000000ffd80000,0x00000000ffd80000,0x0000000100000000)
 ParOldGen       total 44032K, used 6599K [0x00000000fc000000, 0x00000000feb00000, 0x00000000feb00000)
  object space 44032K, 14% used [0x00000000fc000000,0x00000000fc671c28,0x00000000feb00000)
 Metaspace       used 7933K, capacity 8130K, committed 8192K, reserved 1056768K
  class space    used 909K, capacity 989K, committed 1024K, reserved 1048576K
}
Event: 5.536 GC heap before
{Heap before GC invocations=4 (full 0):
 PSYoungGen      total 18944K, used 18930K [0x00000000feb00000, 0x0000000100000000, 0x0000000100000000)
  eden space 16384K, 100% used [0x00000000feb00000,0x00000000ffb00000,0x00000000ffb00000)
  from space 2560K, 99% used [0x00000000ffb00000,0x00000000ffd7cae8,0x00000000ffd80000)
  to   space 2560K, 0% used [0x00000000ffd80000,0x00000000ffd80000,0x0000000100000000)
 ParOldGen       total 44032K, used 6599K [0x00000000fc000000, 0x00000000feb00000, 0x00000000feb00000)
  object space 44032K, 14% used [0x00000000fc000000,0x00000000fc671c28,0x00000000feb00000)
 Metaspace       used 8012K, capacity 8204K, committed 8448K, reserved 1056768K
  class space    used 911K, capacity 991K, committed 1024K, reserved 1048576K
Event: 5.627 GC heap after
Heap after GC invocations=4 (full 0):
 PSYoungGen      total 18944K, used 2530K [0x00000000feb00000, 0x0000000100000000, 0x0000000100000000)
  eden space 16384K, 0% used [0x00000000feb00000,0x00000000feb00000,0x00000000ffb00000)
  from space 2560K, 98% used [0x00000000ffd80000,0x00000000ffff8ad8,0x0000000100000000)
  to   space 2560K, 0% used [0x00000000ffb00000,0x00000000ffb00000,0x00000000ffd80000)
 ParOldGen       total 44032K, used 6747K [0x00000000fc000000, 0x00000000feb00000, 0x00000000feb00000)
  object space 44032K, 15% used [0x00000000fc000000,0x00000000fc696c68,0x00000000feb00000)
 Metaspace       used 8012K, capacity 8204K, committed 8448K, reserved 1056768K
  class space    used 911K, capacity 991K, committed 1024K, reserved 1048576K
}
Event: 6.560 GC heap before
{Heap before GC invocations=5 (full 0):
 PSYoungGen      total 18944K, used 18914K [0x00000000feb00000, 0x0000000100000000, 0x0000000100000000)
  eden space 16384K, 100% used [0x00000000feb00000,0x00000000ffb00000,0x00000000ffb00000)
  from space 2560K, 98% used [0x00000000ffd80000,0x00000000ffff8ad8,0x0000000100000000)
  to   space 2560K, 0% used [0x00000000ffb00000,0x00000000ffb00000,0x00000000ffd80000)
 ParOldGen       total 44032K, used 6747K [0x00000000fc000000, 0x00000000feb00000, 0x00000000feb00000)
  object space 44032K, 15% used [0x00000000fc000000,0x00000000fc696c68,0x00000000feb00000)
 Metaspace       used 8072K, capacity 8268K, committed 8448K, reserved 1056768K
  class space    used 911K, capacity 991K, committed 1024K, reserved 1048576K
Event: 6.638 GC heap after
Heap after GC invocations=5 (full 0):
 PSYoungGen      total 18944K, used 2546K [0x00000000feb00000, 0x0000000100000000, 0x0000000100000000)
  eden space 16384K, 0% used [0x00000000feb00000,0x00000000feb00000,0x00000000ffb00000)
  from space 2560K, 99% used [0x00000000ffb00000,0x00000000ffd7cac8,0x00000000ffd80000)
  to   space 2560K, 0% used [0x00000000ffd80000,0x00000000ffd80000,0x0000000100000000)
 ParOldGen       total 44032K, used 6859K [0x00000000fc000000, 0x00000000feb00000, 0x00000000feb00000)
  object space 44032K, 15% used [0x00000000fc000000,0x00000000fc6b2c68,0x00000000feb00000)
 Metaspace       used 8072K, capacity 8268K, committed 8448K, reserved 1056768K
  class space    used 911K, capacity 991K, committed 1024K, reserved 1048576K
}
Event: 7.537 GC heap before
{Heap before GC invocations=6 (full 0):
 PSYoungGen      total 18944K, used 18930K [0x00000000feb00000, 0x0000000100000000, 0x0000000100000000)
  eden space 16384K, 100% used [0x00000000feb00000,0x00000000ffb00000,0x00000000ffb00000)
  from space 2560K, 99% used [0x00000000ffb00000,0x00000000ffd7cac8,0x00000000ffd80000)
  to   space 2560K, 0% used [0x00000000ffd80000,0x00000000ffd80000,0x0000000100000000)
 ParOldGen       total 44032K, used 6859K [0x00000000fc000000, 0x00000000feb00000, 0x00000000feb00000)
  object space 44032K, 15% used [0x00000000fc000000,0x00000000fc6b2c68,0x00000000feb00000)
 Metaspace       used 8083K, capacity 8268K, committed 8448K, reserved 1056768K
  class space    used 911K, capacity 991K, committed 1024K, reserved 1048576K
Event: 8.021 GC heap after
Heap after GC invocations=6 (full 0):
 PSYoungGen      total 9728K, used 2530K [0x00000000feb00000, 0x0000000100000000, 0x0000000100000000)
  eden space 7168K, 0% used [0x00000000feb00000,0x00000000feb00000,0x00000000ff200000)
  from space 2560K, 98% used [0x00000000ffd80000,0x00000000ffff8ad8,0x0000000100000000)
  to   space 7168K, 0% used [0x00000000ff200000,0x00000000ff200000,0x00000000ff900000)
 ParOldGen       total 44032K, used 7059K [0x00000000fc000000, 0x00000000feb00000, 0x00000000feb00000)
  object space 44032K, 16% used [0x00000000fc000000,0x00000000fc6e4c88,0x00000000feb00000)
 Metaspace       used 8083K, capacity 8268K, committed 8448K, reserved 1056768K
  class space    used 911K, capacity 991K, committed 1024K, reserved 1048576K
}
Event: 8.551 GC heap before
{Heap before GC invocations=7 (full 0):
 PSYoungGen      total 9728K, used 9698K [0x00000000feb00000, 0x0000000100000000, 0x0000000100000000)
  eden space 7168K, 100% used [0x00000000feb00000,0x00000000ff200000,0x00000000ff200000)
  from space 2560K, 98% used [0x00000000ffd80000,0x00000000ffff8ad8,0x0000000100000000)
  to   space 7168K, 0% used [0x00000000ff200000,0x00000000ff200000,0x00000000ff900000)
 ParOldGen       total 44032K, used 7059K [0x00000000fc000000, 0x00000000feb00000, 0x00000000feb00000)
  object space 44032K, 16% used [0x00000000fc000000,0x00000000fc6e4c88,0x00000000feb00000)
 Metaspace       used 8094K, capacity 8268K, committed 8448K, reserved 1056768K
  class space    used 911K, capacity 991K, committed 1024K, reserved 1048576K
Event: 8.610 GC heap after
Heap after GC invocations=7 (full 0):
 PSYoungGen      total 14336K, used 672K [0x00000000feb00000, 0x0000000100000000, 0x0000000100000000)
  eden space 7168K, 0% used [0x00000000feb00000,0x00000000feb00000,0x00000000ff200000)
  from space 7168K, 9% used [0x00000000ff200000,0x00000000ff2a8000,0x00000000ff900000)
  to   space 7168K, 0% used [0x00000000ff900000,0x00000000ff900000,0x0000000100000000)
 ParOldGen       total 44032K, used 9053K [0x00000000fc000000, 0x00000000feb00000, 0x00000000feb00000)
  object space 44032K, 20% used [0x00000000fc000000,0x00000000fc8d7790,0x00000000feb00000)
 Metaspace       used 8094K, capacity 8268K, committed 8448K, reserved 1056768K
  class space    used 911K, capacity 991K, committed 1024K, reserved 1048576K
}

