# JRE version: OpenJDK Runtime Environment (8.0_152-b01) (build 1.8.0_152-release-915-b01)
# Java VM: OpenJDK 64-Bit Server VM (25.152-b01 mixed mode windows-amd64 compressed oops)
Heap:
 PSYoungGen      total 18944K, used 3753K [0x00000000feb00000, 0x0000000100000000, 0x0000000100000000)
  eden space 16384K, 7% used [0x00000000feb00000,0x00000000fec43ba0,0x00000000ffb00000)
  from space 2560K, 96% used [0x00000000ffd80000,0x00000000fffe6ab0,0x0000000100000000)
  to   space 2560K, 0% used [0x00000000ffb00000,0x00000000ffb00000,0x00000000ffd80000)
 ParOldGen       total 31232K, used 6373K [0x00000000fc000000, 0x00000000fde80000, 0x00000000feb00000)
  object space 31232K, 20% used [0x00000000fc000000,0x00000000fc6394c0,0x00000000fde80000)
 Metaspace       used 7927K, capacity 8070K, committed 8192K, reserved 1056768K
  class space    used 907K, capacity 989K, committed 1024K, reserved 1048576K
GC Heap History (10 events):
Event: 0.334 GC heap before
{Heap before GC invocations=1 (full 0):
 PSYoungGen      total 18944K, used 983K [0x00000000feb00000, 0x0000000100000000, 0x0000000100000000)
  eden space 16384K, 6% used [0x00000000feb00000,0x00000000febf5dc8,0x00000000ffb00000)
  from space 2560K, 0% used [0x00000000ffd80000,0x00000000ffd80000,0x0000000100000000)
  to   space 2560K, 0% used [0x00000000ffb00000,0x00000000ffb00000,0x00000000ffd80000)
 ParOldGen       total 44032K, used 0K [0x00000000fc000000, 0x00000000feb00000, 0x00000000feb00000)
  object space 44032K, 0% used [0x00000000fc000000,0x00000000fc000000,0x00000000feb00000)
 Metaspace       used 2980K, capacity 4548K, committed 4736K, reserved 1056768K
  class space    used 308K, capacity 384K, committed 384K, reserved 1048576K
Event: 0.336 GC heap after
Heap after GC invocations=1 (full 0):
 PSYoungGen      total 18944K, used 675K [0x00000000feb00000, 0x0000000100000000, 0x0000000100000000)
  eden space 16384K, 0% used [0x00000000feb00000,0x00000000feb00000,0x00000000ffb00000)
  from space 2560K, 26% used [0x00000000ffb00000,0x00000000ffba8d10,0x00000000ffd80000)
  to   space 2560K, 0% used [0x00000000ffd80000,0x00000000ffd80000,0x0000000100000000)
 ParOldGen       total 44032K, used 8K [0x00000000fc000000, 0x00000000feb00000, 0x00000000feb00000)
  object space 44032K, 0% used [0x00000000fc000000,0x00000000fc002000,0x00000000feb00000)
 Metaspace       used 2980K, capacity 4548K, committed 4736K, reserved 1056768K
  class space    used 308K, capacity 384K, committed 384K, reserved 1048576K
}
Event: 0.336 GC heap before
{Heap before GC invocations=2 (full 1):
 PSYoungGen      total 18944K, used 675K [0x00000000feb00000, 0x0000000100000000, 0x0000000100000000)
  eden space 16384K, 0% used [0x00000000feb00000,0x00000000feb00000,0x00000000ffb00000)
  from space 2560K, 26% used [0x00000000ffb00000,0x00000000ffba8d10,0x00000000ffd80000)
  to   space 2560K, 0% used [0x00000000ffd80000,0x00000000ffd80000,0x0000000100000000)
 ParOldGen       total 44032K, used 8K [0x00000000fc000000, 0x00000000feb00000, 0x00000000feb00000)
  object space 44032K, 0% used [0x00000000fc000000,0x00000000fc002000,0x00000000feb00000)
 Metaspace       used 2980K, capacity 4548K, committed 4736K, reserved 1056768K
  class space    used 308K, capacity 384K, committed 384K, reserved 1048576K
Event: 0.347 GC heap after
Heap after GC invocations=2 (full 1):
 PSYoungGen      total 18944K, used 0K [0x00000000feb00000, 0x0000000100000000, 0x0000000100000000)
  eden space 16384K, 0% used [0x00000000feb00000,0x00000000feb00000,0x00000000ffb00000)
  from space 2560K, 0% used [0x00000000ffb00000,0x00000000ffb00000,0x00000000ffd80000)
  to   space 2560K, 0% used [0x00000000ffd80000,0x00000000ffd80000,0x0000000100000000)
 ParOldGen       total 31232K, used 596K [0x00000000fc000000, 0x00000000fde80000, 0x00000000feb00000)
  object space 31232K, 1% used [0x00000000fc000000,0x00000000fc095368,0x00000000fde80000)
 Metaspace       used 2980K, capacity 4548K, committed 4736K, reserved 1056768K
  class space    used 308K, capacity 384K, committed 384K, reserved 1048576K
}
Event: 1.420 GC heap before
{Heap before GC invocations=3 (full 1):
 PSYoungGen      total 18944K, used 16384K [0x00000000feb00000, 0x0000000100000000, 0x0000000100000000)
  eden space 16384K, 100% used [0x00000000feb00000,0x00000000ffb00000,0x00000000ffb00000)
  from space 2560K, 0% used [0x00000000ffb00000,0x00000000ffb00000,0x00000000ffd80000)
  to   space 2560K, 0% used [0x00000000ffd80000,0x00000000ffd80000,0x0000000100000000)
 ParOldGen       total 31232K, used 596K [0x00000000fc000000, 0x00000000fde80000, 0x00000000feb00000)
  object space 31232K, 1% used [0x00000000fc000000,0x00000000fc095368,0x00000000fde80000)
 Metaspace       used 6586K, capacity 6676K, committed 6784K, reserved 1056768K
  class space    used 773K, capacity 824K, committed 896K, reserved 1048576K
Event: 1.426 GC heap after
Heap after GC invocations=3 (full 1):
 PSYoungGen      total 18944K, used 2528K [0x00000000feb00000, 0x0000000100000000, 0x0000000100000000)
  eden space 16384K, 0% used [0x00000000feb00000,0x00000000feb00000,0x00000000ffb00000)
  from space 2560K, 98% used [0x00000000ffd80000,0x00000000ffff8010,0x0000000100000000)
  to   space 2560K, 0% used [0x00000000ffb00000,0x00000000ffb00000,0x00000000ffd80000)
 ParOldGen       total 31232K, used 2166K [0x00000000fc000000, 0x00000000fde80000, 0x00000000feb00000)
  object space 31232K, 6% used [0x00000000fc000000,0x00000000fc21d968,0x00000000fde80000)
 Metaspace       used 6586K, capacity 6676K, committed 6784K, reserved 1056768K
  class space    used 773K, capacity 824K, committed 896K, reserved 1048576K
}
Event: 2.199 GC heap before
{Heap before GC invocations=4 (full 1):
 PSYoungGen      total 18944K, used 18912K [0x00000000feb00000, 0x0000000100000000, 0x0000000100000000)
  eden space 16384K, 100% used [0x00000000feb00000,0x00000000ffb00000,0x00000000ffb00000)
  from space 2560K, 98% used [0x00000000ffd80000,0x00000000ffff8010,0x0000000100000000)
  to   space 2560K, 0% used [0x00000000ffb00000,0x00000000ffb00000,0x00000000ffd80000)
 ParOldGen       total 31232K, used 2166K [0x00000000fc000000, 0x00000000fde80000, 0x00000000feb00000)
  object space 31232K, 6% used [0x00000000fc000000,0x00000000fc21d968,0x00000000fde80000)
 Metaspace       used 7691K, capacity 7846K, committed 7936K, reserved 1056768K
  class space    used 898K, capacity 957K, committed 1024K, reserved 1048576K
Event: 2.211 GC heap after
Heap after GC invocations=4 (full 1):
 PSYoungGen      total 18944K, used 2555K [0x00000000feb00000, 0x0000000100000000, 0x0000000100000000)
  eden space 16384K, 0% used [0x00000000feb00000,0x00000000feb00000,0x00000000ffb00000)
  from space 2560K, 99% used [0x00000000ffb00000,0x00000000ffd7ec88,0x00000000ffd80000)
  to   space 2560K, 0% used [0x00000000ffd80000,0x00000000ffd80000,0x0000000100000000)
 ParOldGen       total 31232K, used 6373K [0x00000000fc000000, 0x00000000fde80000, 0x00000000feb00000)
  object space 31232K, 20% used [0x00000000fc000000,0x00000000fc6394c0,0x00000000fde80000)
 Metaspace       used 7691K, capacity 7846K, committed 7936K, reserved 1056768K
  class space    used 898K, capacity 957K, committed 1024K, reserved 1048576K
}
Event: 4.469 GC heap before
{Heap before GC invocations=5 (full 1):
 PSYoungGen      total 18944K, used 18939K [0x00000000feb00000, 0x0000000100000000, 0x0000000100000000)
  eden space 16384K, 100% used [0x00000000feb00000,0x00000000ffb00000,0x00000000ffb00000)
  from space 2560K, 99% used [0x00000000ffb00000,0x00000000ffd7ec88,0x00000000ffd80000)
  to   space 2560K, 0% used [0x00000000ffd80000,0x00000000ffd80000,0x0000000100000000)
 ParOldGen       total 31232K, used 6373K [0x00000000fc000000, 0x00000000fde80000, 0x00000000feb00000)
  object space 31232K, 20% used [0x00000000fc000000,0x00000000fc6394c0,0x00000000fde80000)
 Metaspace       used 7925K, capacity 8070K, committed 8192K, reserved 1056768K
  class space    used 907K, capacity 989K, committed 1024K, reserved 1048576K
Event: 4.595 GC heap after
Heap after GC invocations=5 (full 1):
 PSYoungGen      total 18944K, used 2458K [0x00000000feb00000, 0x0000000100000000, 0x0000000100000000)
  eden space 16384K, 0% used [0x00000000feb00000,0x00000000feb00000,0x00000000ffb00000)
  from space 2560K, 96% used [0x00000000ffd80000,0x00000000fffe6ab0,0x0000000100000000)
  to   space 2560K, 0% used [0x00000000ffb00000,0x00000000ffb00000,0x00000000ffd80000)
 ParOldGen       total 31232K, used 6373K [0x00000000fc000000, 0x00000000fde80000, 0x00000000feb00000)
  object space 31232K, 20% used [0x00000000fc000000,0x00000000fc6394c0,0x00000000fde80000)
 Metaspace       used 7925K, capacity 8070K, committed 8192K, reserved 1056768K
  class space    used 907K, capacity 989K, committed 1024K, reserved 1048576K
}

